app/build/intermediates/manifest_merge_blame_file/debug/manifest-merger-blame-debug-report.txt
1<?xml version="1.0" encoding="utf-8"?>
2<manifest xmlns:android="http://schemas.android.com/apk/res/android"
3    package="com.sandisundawa.mymoviemandiri"
4    android:versionCode="1"
5    android:versionName="1.0" >
6
7    <uses-sdk
8        android:minSdkVersion="16"
8-->src\main\AndroidManifest.xml
9        android:targetSdkVersion="29" />
9-->src\main\AndroidManifest.xml
10
11    <uses-permission android:name="android.permission.INTERNET" />
11-->src\main\AndroidManifest.xml:5:5-67
11-->src\main\AndroidManifest.xml:5:22-64
12    <uses-permission android:name="android.permission.ACCESS_NETWORK_STATE" />
12-->src\main\AndroidManifest.xml:6:5-79
12-->src\main\AndroidManifest.xml:6:22-76
13
14    <application
14-->src\main\AndroidManifest.xml:8:5-24:19
15        android:allowBackup="true"
15-->src\main\AndroidManifest.xml:9:9-35
16        android:appComponentFactory="androidx.core.app.CoreComponentFactory"
16-->[androidx.core:core:1.1.0] AndroidManifest.xml:24:18-86
17        android:debuggable="true"
18        android:icon="@mipmap/ic_launcher"
18-->src\main\AndroidManifest.xml:10:9-43
19        android:label="@string/app_name"
19-->src\main\AndroidManifest.xml:11:9-41
20        android:roundIcon="@mipmap/ic_launcher_round"
20-->src\main\AndroidManifest.xml:12:9-54
21        android:supportsRtl="true"
21-->src\main\AndroidManifest.xml:13:9-35
22        android:testOnly="true"
23        android:theme="@style/AppTheme" >
23-->src\main\AndroidManifest.xml:14:9-40
24        <activity android:name="com.sandisundawa.mymoviemandiri.activity.DetailMovieActivity" />
24-->src\main\AndroidManifest.xml:15:9-75
24-->src\main\AndroidManifest.xml:15:19-63
25        <activity android:name="com.sandisundawa.mymoviemandiri.activity.MovieActivity" />
25-->src\main\AndroidManifest.xml:16:9-69
25-->src\main\AndroidManifest.xml:16:19-57
26        <activity android:name="com.sandisundawa.mymoviemandiri.activity.MainActivity" >
26-->src\main\AndroidManifest.xml:17:9-23:20
26-->src\main\AndroidManifest.xml:17:19-56
27            <intent-filter>
27-->src\main\AndroidManifest.xml:18:13-22:29
28                <action android:name="android.intent.action.MAIN" />
28-->src\main\AndroidManifest.xml:19:17-69
28-->src\main\AndroidManifest.xml:19:25-66
29
30                <category android:name="android.intent.category.LAUNCHER" />
30-->src\main\AndroidManifest.xml:21:17-77
30-->src\main\AndroidManifest.xml:21:27-74
31            </intent-filter>
32        </activity>
33
34        <meta-data
34-->[com.github.bumptech.glide:okhttp3-integration:4.9.0] AndroidManifest.xml:11:9-13:43
35            android:name="com.bumptech.glide.integration.okhttp3.OkHttpGlideModule"
35-->[com.github.bumptech.glide:okhttp3-integration:4.9.0] AndroidManifest.xml:12:13-84
36            android:value="GlideModule" />
36-->[com.github.bumptech.glide:okhttp3-integration:4.9.0] AndroidManifest.xml:13:13-40
37    </application>
38
39</manifest>